\BOOKMARK [1][-]{section.1}{\376\377\000I\000n\000t\000r\000o\000d\000u\000c\000t\000i\000o\000n}{}% 1
\BOOKMARK [1][-]{section.2}{\376\377\000A\000r\000c\000h\000i\000t\000e\000c\000t\000u\000r\000e}{}% 2
\BOOKMARK [2][-]{subsection.2.1}{\376\377\000O\000v\000e\000r\000v\000i\000e\000w}{section.2}% 3
\BOOKMARK [2][-]{subsection.2.2}{\376\377\000L\000a\000y\000e\000r\000\040\0001\000:\000\040\000S\000e\000s\000s\000i\000o\000n\000\040\000C\000o\000n\000t\000e\000x\000t\000\040\000W\000i\000n\000d\000o\000w\000\040\000\050\000R\000e\000d\000i\000s\000\040\000D\000B\0002\000\051}{section.2}% 4
\BOOKMARK [2][-]{subsection.2.3}{\376\377\000L\000a\000y\000e\000r\000\040\0002\000:\000\040\000S\000e\000m\000a\000n\000t\000i\000c\000\040\000Q\000u\000e\000r\000y\000\040\000C\000a\000c\000h\000e\000\040\000\050\000R\000e\000d\000i\000s\000\040\000D\000B\0000\000\051}{section.2}% 5
\BOOKMARK [2][-]{subsection.2.4}{\376\377\000L\000a\000y\000e\000r\000\040\0003\000:\000\040\000U\000R\000L\000\040\000E\000m\000b\000e\000d\000d\000i\000n\000g\000\040\000C\000a\000c\000h\000e\000\040\000\050\000R\000e\000d\000i\000s\000\040\000D\000B\0001\000\051}{section.2}% 6
\BOOKMARK [2][-]{subsection.2.5}{\376\377\000C\000a\000c\000h\000e\000C\000o\000o\000r\000d\000i\000n\000a\000t\000o\000r}{section.2}% 7
\BOOKMARK [2][-]{subsection.2.6}{\376\377\000R\000e\000d\000i\000s\000\040\000D\000a\000t\000a\000b\000a\000s\000e\000\040\000S\000e\000p\000a\000r\000a\000t\000i\000o\000n}{section.2}% 8
\BOOKMARK [1][-]{section.3}{\376\377\000D\000e\000s\000i\000g\000n\000\040\000D\000e\000c\000i\000s\000i\000o\000n\000s}{}% 9
\BOOKMARK [2][-]{subsection.3.1}{\376\377\000T\000h\000r\000e\000e\000\040\000S\000e\000p\000a\000r\000a\000t\000e\000\040\000L\000a\000y\000e\000r\000s\000\040\000v\000s\000.\000\040\000a\000\040\000M\000o\000n\000o\000l\000i\000t\000h\000i\000c\000\040\000C\000a\000c\000h\000e}{section.3}% 10
\BOOKMARK [2][-]{subsection.3.2}{\376\377\000H\000u\000f\000f\000m\000a\000n\000\040\000C\000o\000d\000i\000n\000g\000\040\000v\000s\000.\000\040\000g\000z\000i\000p\000/\000z\000l\000i\000b\000/\000l\000z\0004}{section.3}% 11
\BOOKMARK [2][-]{subsection.3.3}{\376\377\000R\000o\000l\000l\000i\000n\000g\000\040\000W\000i\000n\000d\000o\000w\000\040\000w\000i\000t\000h\000\040\000O\000v\000e\000r\000f\000l\000o\000w\000\040\000v\000s\000.\000\040\000T\000r\000u\000n\000c\000a\000t\000i\000o\000n}{section.3}% 12
\BOOKMARK [2][-]{subsection.3.4}{\376\377\000L\000R\000U\000\040\000E\000v\000i\000c\000t\000i\000o\000n\000\040\000a\000s\000\040\000a\000\040\000B\000a\000c\000k\000g\000r\000o\000u\000n\000d\000\040\000D\000a\000e\000m\000o\000n}{section.3}% 13
\BOOKMARK [2][-]{subsection.3.5}{\376\377\000C\000o\000n\000n\000e\000c\000t\000i\000o\000n\000\040\000P\000o\000o\000l\000i\000n\000g\000\040\000S\000t\000r\000a\000t\000e\000g\000y}{section.3}% 14
\BOOKMARK [2][-]{subsection.3.6}{\376\377\000S\000i\000n\000g\000l\000e\000\040\000C\000o\000n\000f\000i\000g\000u\000r\000a\000t\000i\000o\000n\000\040\000O\000b\000j\000e\000c\000t}{section.3}% 15
\BOOKMARK [1][-]{section.4}{\376\377\000I\000m\000p\000l\000e\000m\000e\000n\000t\000a\000t\000i\000o\000n}{}% 16
\BOOKMARK [2][-]{subsection.4.1}{\376\377\000P\000a\000c\000k\000a\000g\000e\000\040\000S\000t\000r\000u\000c\000t\000u\000r\000e}{section.4}% 17
\BOOKMARK [2][-]{subsection.4.2}{\376\377\000H\000u\000f\000f\000m\000a\000n\000\040\000C\000o\000d\000e\000c}{section.4}% 18
\BOOKMARK [2][-]{subsection.4.3}{\376\377\000C\000o\000n\000v\000e\000r\000s\000a\000t\000i\000o\000n\000\040\000A\000r\000c\000h\000i\000v\000e\000\040\000a\000n\000d\000\040\000.\000h\000u\000f\000f\000\040\000F\000i\000l\000e\000\040\000F\000o\000r\000m\000a\000t}{section.4}% 19
\BOOKMARK [2][-]{subsection.4.4}{\376\377\000H\000y\000b\000r\000i\000d\000\040\000C\000o\000n\000v\000e\000r\000s\000a\000t\000i\000o\000n\000\040\000C\000a\000c\000h\000e}{section.4}% 20
\BOOKMARK [2][-]{subsection.4.5}{\376\377\000S\000e\000m\000a\000n\000t\000i\000c\000\040\000C\000a\000c\000h\000e}{section.4}% 21
\BOOKMARK [2][-]{subsection.4.6}{\376\377\000U\000R\000L\000\040\000E\000m\000b\000e\000d\000d\000i\000n\000g\000\040\000C\000a\000c\000h\000e}{section.4}% 22
\BOOKMARK [2][-]{subsection.4.7}{\376\377\000T\000h\000r\000e\000a\000d\000\040\000S\000a\000f\000e\000t\000y}{section.4}% 23
\BOOKMARK [1][-]{section.5}{\376\377\000E\000v\000a\000l\000u\000a\000t\000i\000o\000n}{}% 24
\BOOKMARK [2][-]{subsection.5.1}{\376\377\000C\000o\000m\000p\000r\000e\000s\000s\000i\000o\000n\000\040\000E\000f\000f\000i\000c\000i\000e\000n\000c\000y}{section.5}% 25
\BOOKMARK [2][-]{subsection.5.2}{\376\377\000L\000a\000t\000e\000n\000c\000y}{section.5}% 26
\BOOKMARK [2][-]{subsection.5.3}{\376\377\000R\000e\000d\000i\000s\000\040\000M\000e\000m\000o\000r\000y\000\040\000F\000o\000o\000t\000p\000r\000i\000n\000t}{section.5}% 27
\BOOKMARK [2][-]{subsection.5.4}{\376\377\000C\000a\000c\000h\000e\000\040\000H\000i\000t\000\040\000R\000a\000t\000e}{section.5}% 28
\BOOKMARK [1][-]{section.6}{\376\377\000R\000e\000l\000a\000t\000e\000d\000\040\000W\000o\000r\000k}{}% 29
\BOOKMARK [1][-]{section.7}{\376\377\000C\000o\000n\000c\000l\000u\000s\000i\000o\000n}{}% 30
\BOOKMARK [1][-]{section*.1}{\376\377\000R\000e\000f\000e\000r\000e\000n\000c\000e\000s}{}% 31
